35. Le PP en coreen.txt: 5222
40. Le PP en Kirundi.txt: 39094
13. Le PP en Urdu indien.txt: 22802
15. Le PP en franca nova.txt: 78170
PP-0803_papiamento.txt: 52907
28. Le PP en azerbaijani.txt: 44696
56.  Le PP en Mapuche.txt: 38018
PP-1612 bouriate.txt: 87741
21 B Le PP en Berbere amazighe.txt: 40056
24. Le PP en Samogitien.txt: 54025
45. Le PP en Wayuunaiki.txt: 66270
47. Le PP en Mashi.txt: 79639
29. Le PP en belarusse.txt: 38306
76. Le PP en Limonese.txt: 49123
22. Le PP en Comorien.txt: 39078
3. Le PP en viet.txt: 48526
85. Le PP en Sarnami.txt: 42989
33. Le PP en croatian.txt: 56104
26. Le PP en bulgarien.txt: 44810
9. Le PP en grecque.txt: 35520
25. Le PP en catalan.txt: 40084
59. Le PP en Rumantsch Grischun.txt: 47349
72. Le PP en Ojibwe.txt: 67298
8. Le PP en latvian.txt: 52837
19. Le PP en Twents.txt: 55104
78. Le PP en Interslavic_cyrillic.txt: 36390
14. B. Le PP en Somali.txt: 178
PP-3974  espagnol.txt: 48874
7. Le PP en roumain.txt: 59391
73. Le PP en Bouriate.txt: 90388
60. Le PP en Dan de l'Est.txt: 58005
12. Le PP en Toki Pona.txt: 24167
6. Le PP en estonien.txt: 55391
1. Le PP en polonais.txt: 56013
33. Le PP en kazach.txt: 46978
50. Le PP en Scots.txt: 46507
PP-0748_arabe_algerien.txt: 30902
PP-0328_quichua-ou-kichwa.txt: 63836
36. Le PP en bengali.txt: 7520
17. Le PP en Berbere amazighe.txt: 42283
2. Le PP en esperanto.txt: 43541
27. Le PP en armenien.txt: 9894
18. Le PP en Tibétain.txt: 57789
70. Le PP en Rapa Nui.txt: 49908
81. Le PP en Esperanto Reformate.txt: 44834
79. Le PP en Lule Saame.txt: 66506
16. Le PP en anglais.txt: 37262
31. Le PP en georgien.txt: 18697
PP-6039  Ourdou.txt: 22802
41. Le PP en Dzonkha.txt: 48811
86. Le PP en Hiligaynon.txt: 64152
43. Le PP en Sranan.txt: 56263
82. Le PP en Cebuano.txt: 75122
54. Le PP en royasque tendasque.txt: 49977
68. Le PP en bribri.txt: 44245
69. Le PP en Oudmourte.txt: 40835
PP-0726_ido.txt: 54842
11. Le Petit Prince en Français.txt: 60489
PP-5533 Ouïlta.txt: 8749
PP-2980 yiddish de Varsovie.txt: 49117
63. Le PP en Maya Tojobal.txt: 45333
52. Le PP en Patois Fribourgeois.txt: 48700
83. Le PP en Khmer-Surin.txt: 67650
51. Le PP en Patois Vaudois.txt: 48211
74. Le PP en Vietnamien.txt: 60694
58. Le PP en Soundanais.txt: 61076
71. Le PP en Kinyarwanda  .txt: 50804
30. Le PP en chinois.txt: 3057
84. Le PP en Créokle vincentien.txt: 46502
11. Le PP en russe.txt: 16712
87. Le PP en Javanais.txt: 63654
PP-3546_tatar.txt: 27203
42. Le PP en Arménien.txt: 30799
88. Le PP en Cham.txt: 52100
53. Le PP en Lanna.txt: 34071
PP-2813_sambahsa.txt: 42668
PP-1646 quechua_cuzquenien.txt: 69306
46. Le PP en Haut-valaisan.txt: 48499
20. Le PP en Chamorro.txt: 62125
5. Le PP en bulgare.txt: 23038
32. Le PP en hebreu.txt: 12278
62. Le PP en Allemand (CSS).txt: 60239
4. Le PP en lithuanien.txt: 51545
55. Le PP en totonaque de la Sierra.txt: 68469
16. Le PP en Jerriais.txt: 54670
PP-0180_berbere-amazighe.txt: 31616
67. Le PP en Jawi.txt: 47814
PP-2995_dzongka.txt: 49057
57. Le PP en Karène.txt: 20647
44. Le PP en creole jamaïcain.txt: 51156
34. Le PP en japonais.txt: 47958
64. Le PP en Balinais.txt: 86426
66. Le PP en turc dialecte de Denizli.txt: 68927
49. Le PP en Bemba.txt: 58311
61. Le PP en Italien (CSS).txt: 33923
PP-3434_kirundi.txt: 57925
PP-5534 Oudihé.txt: 48026
65. Le PP en Appenzellois.txt: 33825
77. Le PP en Interslavic_latin.txt: 47741
8. Le PP en tourk.txt: 51869
10. Le PP en czecque.txt: 47911
